c:\users\johan\desktop\litetspelprojekt\spelprojekt\spelprojekt\debug\vc120.pdb
c:\users\johan\desktop\litetspelprojekt\spelprojekt\spelprojekt\debug\vc120.idb
c:\users\johan\desktop\litetspelprojekt\spelprojekt\spelprojekt\debug\contentmanager.obj
c:\users\johan\desktop\litetspelprojekt\spelprojekt\spelprojekt\debug\engine.obj
c:\users\johan\desktop\litetspelprojekt\spelprojekt\spelprojekt\debug\object.obj
c:\users\johan\desktop\litetspelprojekt\spelprojekt\spelprojekt\debug\game.obj
c:\users\johan\desktop\litetspelprojekt\spelprojekt\spelprojekt\debug\gameobject.obj
c:\users\johan\desktop\litetspelprojekt\spelprojekt\spelprojekt\debug\map.obj
c:\users\johan\desktop\litetspelprojekt\spelprojekt\spelprojekt\debug\mapchunk.obj
c:\users\johan\desktop\litetspelprojekt\spelprojekt\spelprojekt\debug\player.obj
c:\users\johan\desktop\litetspelprojekt\spelprojekt\spelprojekt\debug\main.obj
c:\users\johan\desktop\litetspelprojekt\spelprojekt\spelprojekt\debug\userinput.obj
c:\users\johan\desktop\litetspelprojekt\spelprojekt\debug\spelprojekt.ilk
c:\users\johan\desktop\litetspelprojekt\spelprojekt\debug\spelprojekt.exe
c:\users\johan\desktop\litetspelprojekt\spelprojekt\debug\spelprojekt.pdb
c:\users\johan\desktop\litetspelprojekt\spelprojekt\spelprojekt\debug\spelprojekt.tlog\cl.command.1.tlog
c:\users\johan\desktop\litetspelprojekt\spelprojekt\spelprojekt\debug\spelprojekt.tlog\cl.read.1.tlog
c:\users\johan\desktop\litetspelprojekt\spelprojekt\spelprojekt\debug\spelprojekt.tlog\cl.write.1.tlog
c:\users\johan\desktop\litetspelprojekt\spelprojekt\spelprojekt\debug\spelprojekt.tlog\link.command.1.tlog
c:\users\johan\desktop\litetspelprojekt\spelprojekt\spelprojekt\debug\spelprojekt.tlog\link.read.1.tlog
c:\users\johan\desktop\litetspelprojekt\spelprojekt\spelprojekt\debug\spelprojekt.tlog\link.write.1.tlog
